--------------------------------------------------------------------------------
Release 14.5 Trace  (nt)
Copyright (c) 1995-2012 Xilinx, Inc.  All rights reserved.

E:\XilinxFiles\14.5\ISE_DS\ISE\bin\nt\unwrapped\trce.exe -intstyle ise -v 3 -s
3 -n 3 -fastpaths -xml ALU_1bit.twx ALU_1bit.ncd -o ALU_1bit.twr ALU_1bit.pcf

Design file:              ALU_1bit.ncd
Physical constraint file: ALU_1bit.pcf
Device,package,speed:     xc7a100t,csg324,C,-3 (PRODUCTION 1.08 2013-03-26)
Report level:             verbose report

Environment Variable      Effect 
--------------------      ------ 
NONE                      No environment variables were set
--------------------------------------------------------------------------------

INFO:Timing:2698 - No timing constraints found, doing default enumeration.
INFO:Timing:3412 - To improve timing, see the Timing Closure User Guide (UG612).
INFO:Timing:2752 - To get complete path coverage, use the unconstrained paths 
   option. All paths that are not constrained will be reported in the 
   unconstrained paths section(s) of the report.
INFO:Timing:3339 - The clock-to-out numbers in this timing report are based on 
   a 50 Ohm transmission line loading model.  For the details of this model, 
   and for more information on accounting for different loading conditions, 
   please see the device datasheet.



Data Sheet report:
-----------------
All values displayed in nanoseconds (ns)

Clock aluop<0> to Pad
------------+-----------------+------------+-----------------+------------+------------------+--------+
            |Max (slowest) clk|  Process   |Min (fastest) clk|  Process   |                  | Clock  |
Destination |  (edge) to PAD  |   Corner   |  (edge) to PAD  |   Corner   |Internal Clock(s) | Phase  |
------------+-----------------+------------+-----------------+------------+------------------+--------+
CarryOut    |         7.070(F)|      SLOW  |         2.943(F)|      FAST  |sTmp_G            |   0.000|
Result      |         7.863(F)|      SLOW  |         3.264(F)|      FAST  |op_0_G            |   0.000|
            |         6.971(F)|      SLOW  |         3.021(F)|      FAST  |op_1_G            |   0.000|
            |         7.142(F)|      SLOW  |         2.982(F)|      FAST  |sTmp_G            |   0.000|
------------+-----------------+------------+-----------------+------------+------------------+--------+

Clock aluop<1> to Pad
------------+-----------------+------------+-----------------+------------+------------------+--------+
            |Max (slowest) clk|  Process   |Min (fastest) clk|  Process   |                  | Clock  |
Destination |  (edge) to PAD  |   Corner   |  (edge) to PAD  |   Corner   |Internal Clock(s) | Phase  |
------------+-----------------+------------+-----------------+------------+------------------+--------+
CarryOut    |         7.122(F)|      SLOW  |         2.977(F)|      FAST  |sTmp_G            |   0.000|
Result      |         7.656(F)|      SLOW  |         3.334(F)|      FAST  |op_0_G            |   0.000|
            |         7.357(F)|      SLOW  |         3.037(F)|      FAST  |op_1_G            |   0.000|
            |         7.194(F)|      SLOW  |         3.016(F)|      FAST  |sTmp_G            |   0.000|
------------+-----------------+------------+-----------------+------------+------------------+--------+

Clock aluop<2> to Pad
------------+-----------------+------------+-----------------+------------+------------------+--------+
            |Max (slowest) clk|  Process   |Min (fastest) clk|  Process   |                  | Clock  |
Destination |  (edge) to PAD  |   Corner   |  (edge) to PAD  |   Corner   |Internal Clock(s) | Phase  |
------------+-----------------+------------+-----------------+------------+------------------+--------+
CarryOut    |         7.133(F)|      SLOW  |         2.995(F)|      FAST  |sTmp_G            |   0.000|
Result      |         7.568(F)|      SLOW  |         3.150(F)|      FAST  |op_0_G            |   0.000|
            |         7.502(F)|      SLOW  |         3.266(F)|      FAST  |op_1_G            |   0.000|
            |         7.205(F)|      SLOW  |         3.034(F)|      FAST  |sTmp_G            |   0.000|
------------+-----------------+------------+-----------------+------------+------------------+--------+

Clock aluop<3> to Pad
------------+-----------------+------------+-----------------+------------+------------------+--------+
            |Max (slowest) clk|  Process   |Min (fastest) clk|  Process   |                  | Clock  |
Destination |  (edge) to PAD  |   Corner   |  (edge) to PAD  |   Corner   |Internal Clock(s) | Phase  |
------------+-----------------+------------+-----------------+------------+------------------+--------+
CarryOut    |         6.968(F)|      SLOW  |         2.919(F)|      FAST  |sTmp_G            |   0.000|
Result      |         7.936(F)|      SLOW  |         3.314(F)|      FAST  |op_0_G            |   0.000|
            |         7.810(F)|      SLOW  |         3.262(F)|      FAST  |op_1_G            |   0.000|
            |         7.040(F)|      SLOW  |         2.958(F)|      FAST  |sTmp_G            |   0.000|
------------+-----------------+------------+-----------------+------------+------------------+--------+

Clock to Setup on destination clock aluop<0>
---------------+---------+---------+---------+---------+
               | Src:Rise| Src:Fall| Src:Rise| Src:Fall|
Source Clock   |Dest:Rise|Dest:Rise|Dest:Fall|Dest:Fall|
---------------+---------+---------+---------+---------+
aluop<0>       |         |         |    0.495|    0.495|
aluop<1>       |         |         |    0.547|    0.547|
aluop<2>       |         |         |    0.558|    0.558|
aluop<3>       |         |         |    0.503|    0.503|
---------------+---------+---------+---------+---------+

Clock to Setup on destination clock aluop<1>
---------------+---------+---------+---------+---------+
               | Src:Rise| Src:Fall| Src:Rise| Src:Fall|
Source Clock   |Dest:Rise|Dest:Rise|Dest:Fall|Dest:Fall|
---------------+---------+---------+---------+---------+
aluop<0>       |         |         |    0.452|    0.452|
aluop<1>       |         |         |    0.504|    0.504|
aluop<2>       |         |         |    0.515|    0.515|
aluop<3>       |         |         |    0.490|    0.490|
---------------+---------+---------+---------+---------+

Clock to Setup on destination clock aluop<2>
---------------+---------+---------+---------+---------+
               | Src:Rise| Src:Fall| Src:Rise| Src:Fall|
Source Clock   |Dest:Rise|Dest:Rise|Dest:Fall|Dest:Fall|
---------------+---------+---------+---------+---------+
aluop<0>       |         |         |    0.570|    0.570|
aluop<1>       |         |         |    0.496|    0.496|
aluop<2>       |         |         |    0.507|    0.507|
aluop<3>       |         |         |    0.643|    0.643|
---------------+---------+---------+---------+---------+

Clock to Setup on destination clock aluop<3>
---------------+---------+---------+---------+---------+
               | Src:Rise| Src:Fall| Src:Rise| Src:Fall|
Source Clock   |Dest:Rise|Dest:Rise|Dest:Fall|Dest:Fall|
---------------+---------+---------+---------+---------+
aluop<0>       |         |         |    0.568|    0.568|
aluop<1>       |         |         |    0.620|    0.620|
aluop<2>       |         |         |    0.631|    0.631|
aluop<3>       |         |         |    0.466|    0.466|
---------------+---------+---------+---------+---------+

Pad to Pad
---------------+---------------+---------+
Source Pad     |Destination Pad|  Delay  |
---------------+---------------+---------+
A              |CarryOut       |    5.585|
A              |Result         |    5.204|
B              |CarryOut       |    5.175|
B              |Result         |    4.901|
CarryIn        |CarryOut       |    5.143|
CarryIn        |Result         |    5.245|
---------------+---------------+---------+


Analysis completed Sat Apr 04 18:11:47 2020 
--------------------------------------------------------------------------------

Trace Settings:
-------------------------
Trace Settings 

Peak Memory Usage: 410 MB



