Release 14.5 Map P.58f (nt)
Xilinx Mapping Report File for Design 'writeReg'

Design Information
------------------
Command Line   : map -intstyle ise -p xc7a100t-csg324-3 -w -logic_opt off -ol
high -t 1 -xt 0 -register_duplication off -r 4 -mt off -ir off -pr off -lc off
-power off -o writeReg_map.ncd writeReg.ngd writeReg.pcf 
Target Device  : xc7a100t
Target Package : csg324
Target Speed   : -3
Mapper Version : artix7 -- $Revision: 1.55 $
Mapped Date    : Fri Apr 03 02:11:57 2020

Design Summary
--------------
Number of errors   :   2
Number of warnings :   0

Section 1 - Errors
------------------
ERROR:Map:116 - The design is empty.  No processing will be done.
ERROR:Map:52 - Problem encountered processing RPMs. 

Section 2 - Warnings
--------------------

Section 3 - Informational
-------------------------
